<?xml version="1.0" encoding="UTF-8"?>
<testng-results ignored="0" total="1" passed="1" failed="0" skipped="0">
  <reporter-output>
  </reporter-output>
  <suite started-at="2022-03-09T22:44:34 UYT" name="Default suite" finished-at="2022-03-09T22:45:09 UYT" duration-ms="35072">
    <groups>
    </groups>
    <test started-at="2022-03-09T22:44:34 UYT" name="Default test" finished-at="2022-03-09T22:45:09 UYT" duration-ms="35072">
      <class name="mercadoLibre.Camisetas_test">
        <test-method is-config="true" signature="beforeClass()[pri:0, instance:mercadoLibre.Camisetas_test@53aad5d5]" started-at="2022-03-09T22:44:34 UYT" name="beforeClass" finished-at="2022-03-09T22:44:39 UYT" duration-ms="5590" status="PASS">
          <reporter-output>
          </reporter-output>
        </test-method> <!-- beforeClass -->
        <test-method signature="f()[pri:0, instance:mercadoLibre.Camisetas_test@53aad5d5]" started-at="2022-03-09T22:44:39 UYT" name="f" finished-at="2022-03-09T22:45:08 UYT" duration-ms="29102" status="PASS">
          <reporter-output>
          </reporter-output>
        </test-method> <!-- f -->
        <test-method is-config="true" signature="afterClass()[pri:0, instance:mercadoLibre.Camisetas_test@53aad5d5]" started-at="2022-03-09T22:45:08 UYT" name="afterClass" finished-at="2022-03-09T22:45:09 UYT" duration-ms="314" status="PASS">
          <reporter-output>
          </reporter-output>
        </test-method> <!-- afterClass -->
      </class> <!-- mercadoLibre.Camisetas_test -->
    </test> <!-- Default test -->
  </suite> <!-- Default suite -->
</testng-results>
